<?xml version="1.0" encoding="UTF-8"?>
<!-- Generated by org.testng.reporters.JUnitReportReporter -->
<testsuite hostname="Harinder" failures="0" tests="1" name="com.naveenautomation.Tests.AccountLoginTest" time="0.000" errors="0" timestamp="2023-01-20T16:59:16 GMT-07:00" skipped="1">
  <testcase classname="com.naveenautomation.Tests.AccountLoginTest" name="verifyLoginCredentials" time="0.000">
    <skipped/>
  </testcase> <!-- verifyLoginCredentials -->
  <system-out/>
</testsuite> <!-- com.naveenautomation.Tests.AccountLoginTest -->
