<?xml version="1.0" encoding="UTF-8"?>
<!-- Generated by org.testng.reporters.JUnitReportReporter -->
<testsuite hostname="Harinder" failures="0" tests="1" name="com.naveenautomation.Tests.MyAccountTest" time="125.650" errors="0" timestamp="2023-01-23T15:00:39 GMT-07:00" skipped="0">
  <testcase classname="com.naveenautomation.Tests.MyAccountTest" name="validateLogin" time="125.650"/>
  <system-out/>
</testsuite> <!-- com.naveenautomation.Tests.MyAccountTest -->
